13:15:27,244 |-INFO in ch.qos.logback.classic.LoggerContext[default] - Could NOT find resource [logback.groovy]
13:15:27,244 |-INFO in ch.qos.logback.classic.LoggerContext[default] - Could NOT find resource [logback-test.xml]
13:15:27,244 |-INFO in ch.qos.logback.classic.LoggerContext[default] - Found resource [logback.xml] at [jar:file:/Users/ericbrooke/dev/neoPlay/myapp/neo4j/system/lib/neo4j-server-2.0.0.jar!/logback.xml]
13:15:27,260 |-INFO in ch.qos.logback.core.joran.spi.ConfigurationWatchList@5a269232 - URL [jar:file:/Users/ericbrooke/dev/neoPlay/myapp/neo4j/system/lib/neo4j-server-2.0.0.jar!/logback.xml] is not of type file
13:15:27,331 |-INFO in ch.qos.logback.classic.joran.action.ConfigurationAction - debug attribute not set
13:15:27,897 |-ERROR in ch.qos.logback.core.util.ContextUtil@1a483edb - Failed to get local hostname java.net.UnknownHostException: aquam: aquam: nodename nor servname provided, or not known
	at java.net.UnknownHostException: aquam: aquam: nodename nor servname provided, or not known
	at 	at java.net.InetAddress.getLocalHost(InetAddress.java:1473)
	at 	at ch.qos.logback.core.util.ContextUtil.getLocalHostName(ContextUtil.java:32)
	at 	at ch.qos.logback.core.util.ContextUtil.addHostNameAsProperty(ContextUtil.java:41)
	at 	at ch.qos.logback.classic.joran.action.ConfigurationAction.begin(ConfigurationAction.java:56)
	at 	at ch.qos.logback.core.joran.spi.Interpreter.callBeginAction(Interpreter.java:276)
	at 	at ch.qos.logback.core.joran.spi.Interpreter.startElement(Interpreter.java:148)
	at 	at ch.qos.logback.core.joran.spi.Interpreter.startElement(Interpreter.java:130)
	at 	at ch.qos.logback.core.joran.spi.EventPlayer.play(EventPlayer.java:50)
	at 	at ch.qos.logback.core.joran.GenericConfigurator.doConfigure(GenericConfigurator.java:157)
	at 	at ch.qos.logback.core.joran.GenericConfigurator.doConfigure(GenericConfigurator.java:143)
	at 	at ch.qos.logback.core.joran.GenericConfigurator.doConfigure(GenericConfigurator.java:106)
	at 	at ch.qos.logback.core.joran.GenericConfigurator.doConfigure(GenericConfigurator.java:56)
	at 	at ch.qos.logback.classic.util.ContextInitializer.configureByResource(ContextInitializer.java:75)
	at 	at ch.qos.logback.classic.util.ContextInitializer.autoConfig(ContextInitializer.java:148)
	at 	at org.slf4j.impl.StaticLoggerBinder.init(StaticLoggerBinder.java:85)
	at 	at org.slf4j.impl.StaticLoggerBinder.<clinit>(StaticLoggerBinder.java:55)
	at 	at org.slf4j.LoggerFactory.bind(LoggerFactory.java:128)
	at 	at org.slf4j.LoggerFactory.performInitialization(LoggerFactory.java:108)
	at 	at org.slf4j.LoggerFactory.getILoggerFactory(LoggerFactory.java:279)
	at 	at org.slf4j.LoggerFactory.getLogger(LoggerFactory.java:252)
	at 	at org.apache.commons.logging.impl.SLF4JLogFactory.getInstance(SLF4JLogFactory.java:156)
	at 	at org.apache.commons.logging.impl.SLF4JLogFactory.getInstance(SLF4JLogFactory.java:132)
	at 	at org.apache.commons.logging.LogFactory.getLog(LogFactory.java:685)
	at 	at org.apache.commons.configuration.AbstractFileConfiguration.<init>(AbstractFileConfiguration.java:121)
	at 	at org.apache.commons.configuration.AbstractFileConfiguration.<init>(AbstractFileConfiguration.java:154)
	at 	at org.apache.commons.configuration.PropertiesConfiguration.<init>(PropertiesConfiguration.java:252)
	at 	at org.neo4j.server.configuration.PropertyFileConfigurator.loadPropertiesConfig(PropertyFileConfigurator.java:142)
	at 	at org.neo4j.server.configuration.PropertyFileConfigurator.<init>(PropertyFileConfigurator.java:76)
	at 	at org.neo4j.server.Bootstrapper.createConfigurator(Bootstrapper.java:193)
	at 	at org.neo4j.server.Bootstrapper.start(Bootstrapper.java:84)
	at 	at org.neo4j.server.Bootstrapper.main(Bootstrapper.java:50)
Caused by: java.net.UnknownHostException: aquam: nodename nor servname provided, or not known
	at 	at java.net.Inet6AddressImpl.lookupAllHostAddr(Native Method)
	at 	at java.net.InetAddress$1.lookupAllHostAddr(InetAddress.java:901)
	at 	at java.net.InetAddress.getAddressesFromNameService(InetAddress.java:1293)
	at 	at java.net.InetAddress.getLocalHost(InetAddress.java:1469)
	at 	... 30 common frames omitted
13:15:27,897 |-INFO in ch.qos.logback.core.joran.action.AppenderAction - About to instantiate appender of type [ch.qos.logback.core.ConsoleAppender]
13:15:27,905 |-INFO in ch.qos.logback.core.joran.action.AppenderAction - Naming appender as [STDOUT]
13:15:27,940 |-INFO in ch.qos.logback.core.joran.action.NestedComplexPropertyIA - Assuming default type [ch.qos.logback.classic.encoder.PatternLayoutEncoder] for [encoder] property
13:15:28,008 |-INFO in ch.qos.logback.classic.joran.action.RootLoggerAction - Setting level of ROOT logger to INFO
13:15:28,008 |-INFO in ch.qos.logback.core.joran.action.AppenderRefAction - Attaching appender named [STDOUT] to Logger[ROOT]
13:15:28,009 |-INFO in ch.qos.logback.classic.joran.action.ConfigurationAction - End of configuration.
13:15:28,010 |-INFO in ch.qos.logback.classic.joran.JoranConfigurator@56dfbc0d - Registering current configuration as safe fallback point

2014-02-07 21:15:28.174+0000 INFO  [API] Setting startup timeout to: 120000ms based on -1
2014-02-07 21:15:29.067+0000 INFO  [API] Successfully started database
2014-02-07 21:15:29.435+0000 INFO  [API] Starting HTTP on port :7474 with 80 threads available
2014-02-07 21:15:29.550+0000 INFO  [API] Enabling HTTPS on port :7473
2014-02-07 21:15:29.551+0000 INFO  [API] No SSL certificate found, generating a self-signed certificate..
2014-02-07 21:15:29.770+0000 INFO  [API] Mounted discovery module at [/]
2014-02-07 21:15:29.776+0000 INFO  [API] Mounted REST API at [/db/data/]
2014-02-07 21:15:29.778+0000 INFO  [API] Mounted management API at [/db/manage/]
2014-02-07 21:15:29.779+0000 INFO  [API] Mounted webadmin at [/webadmin]
2014-02-07 21:15:29.779+0000 INFO  [API] Mounted Neo4j Browser at [/browser]
2014-02-07 21:15:29.828+0000 INFO  [API] Mounting static content at [/webadmin] from [webadmin-html]
2014-02-07 21:15:29.866+0000 INFO  [API] Mounting static content at [/browser] from [browser]
13:15:29.866 [main] WARN  o.e.j.server.handler.ContextHandler - o.e.j.s.ServletContextHandler@3c19da7c{/,null,null} contextPath ends with /
13:15:29.867 [main] WARN  o.e.j.server.handler.ContextHandler - Empty contextPath
13:15:29.868 [main] INFO  org.eclipse.jetty.server.Server - jetty-9.0.5.v20130815
13:15:29.886 [main] INFO  o.e.j.server.handler.ContextHandler - Started o.e.j.s.h.MovedContextHandler@4c6425fa{/,null,AVAILABLE}
13:15:29.948 [main] INFO  o.e.j.w.StandardDescriptorProcessor - NO JSP Support for /webadmin, did not find org.apache.jasper.servlet.JspServlet
13:15:29.957 [main] INFO  o.e.j.server.handler.ContextHandler - Started o.e.j.w.WebAppContext@30f8e65a{/webadmin,jar:file:/Users/ericbrooke/dev/neoPlay/myapp/neo4j/system/lib/neo4j-server-2.0.0-static-web.jar!/webadmin-html,AVAILABLE}
13:15:30.252 [main] INFO  o.e.j.server.handler.ContextHandler - Started o.e.j.s.ServletContextHandler@53ebeb53{/db/manage,null,AVAILABLE}
13:15:30.423 [main] INFO  o.e.j.server.handler.ContextHandler - Started o.e.j.s.ServletContextHandler@7e4911a0{/db/data,null,AVAILABLE}
13:15:30.435 [main] INFO  o.e.j.w.StandardDescriptorProcessor - NO JSP Support for /browser, did not find org.apache.jasper.servlet.JspServlet
13:15:30.436 [main] INFO  o.e.j.server.handler.ContextHandler - Started o.e.j.w.WebAppContext@7f9c31a2{/browser,jar:file:/Users/ericbrooke/dev/neoPlay/myapp/neo4j/system/lib/neo4j-browser-2.0.0.jar!/browser,AVAILABLE}
13:15:30.491 [main] INFO  o.e.j.server.handler.ContextHandler - Started o.e.j.s.ServletContextHandler@3c19da7c{/,null,AVAILABLE}
13:15:30.505 [main] INFO  o.e.jetty.server.ServerConnector - Started ServerConnector@468036e3{HTTP/1.1}{localhost:7474}
13:15:30.765 [main] INFO  o.e.jetty.server.ServerConnector - Started ServerConnector@718caed9{SSL-HTTP/1.1}{localhost:7473}
2014-02-07 21:15:30.766+0000 INFO  [API] Remote interface ready and available at [http://localhost:7474/]
