2014-02-07 21:15:28.548+0000 INFO  [o.n.k.i.DiagnosticsManager]: --- INITIALIZED diagnostics START ---
2014-02-07 21:15:28.551+0000 INFO  [o.n.k.i.DiagnosticsManager]: Neo4j Kernel properties:
2014-02-07 21:15:28.554+0000 INFO  [o.n.k.i.DiagnosticsManager]: neostore.propertystore.db.mapped_memory=1285M
2014-02-07 21:15:28.554+0000 INFO  [o.n.k.i.DiagnosticsManager]: neo_store=/Users/ericbrooke/dev/neoPlay/myapp/neo4j/data/graph.db/neostore
2014-02-07 21:15:28.554+0000 INFO  [o.n.k.i.DiagnosticsManager]: neostore.nodestore.db.mapped_memory=357M
2014-02-07 21:15:28.554+0000 INFO  [o.n.k.i.DiagnosticsManager]: neostore.propertystore.db.strings.mapped_memory=1092M
2014-02-07 21:15:28.554+0000 INFO  [o.n.k.i.DiagnosticsManager]: neo4j.ext.udc.source=server
2014-02-07 21:15:28.554+0000 INFO  [o.n.k.i.DiagnosticsManager]: store_dir=data/graph.db
2014-02-07 21:15:28.554+0000 INFO  [o.n.k.i.DiagnosticsManager]: neostore.relationshipstore.db.mapped_memory=1575M
2014-02-07 21:15:28.554+0000 INFO  [o.n.k.i.DiagnosticsManager]: keep_logical_logs=true
2014-02-07 21:15:28.554+0000 INFO  [o.n.k.i.DiagnosticsManager]: neostore.propertystore.db.arrays.mapped_memory=1238M
2014-02-07 21:15:28.554+0000 INFO  [o.n.k.i.DiagnosticsManager]: remote_shell_enabled=true
2014-02-07 21:15:28.554+0000 INFO  [o.n.k.i.DiagnosticsManager]: ephemeral=false
2014-02-07 21:15:28.555+0000 INFO  [o.n.k.i.DiagnosticsManager]: Diagnostics providers:
2014-02-07 21:15:28.555+0000 INFO  [o.n.k.i.DiagnosticsManager]: org.neo4j.kernel.configuration.Config
2014-02-07 21:15:28.555+0000 INFO  [o.n.k.i.DiagnosticsManager]: org.neo4j.kernel.info.DiagnosticsManager
2014-02-07 21:15:28.555+0000 INFO  [o.n.k.i.DiagnosticsManager]: SYSTEM_MEMORY
2014-02-07 21:15:28.555+0000 INFO  [o.n.k.i.DiagnosticsManager]: JAVA_MEMORY
2014-02-07 21:15:28.555+0000 INFO  [o.n.k.i.DiagnosticsManager]: OPERATING_SYSTEM
2014-02-07 21:15:28.555+0000 INFO  [o.n.k.i.DiagnosticsManager]: JAVA_VIRTUAL_MACHINE
2014-02-07 21:15:28.555+0000 INFO  [o.n.k.i.DiagnosticsManager]: CLASSPATH
2014-02-07 21:15:28.555+0000 INFO  [o.n.k.i.DiagnosticsManager]: LIBRARY_PATH
2014-02-07 21:15:28.555+0000 INFO  [o.n.k.i.DiagnosticsManager]: SYSTEM_PROPERTIES
2014-02-07 21:15:28.555+0000 INFO  [o.n.k.i.DiagnosticsManager]: NETWORK
2014-02-07 21:15:28.556+0000 INFO  [o.n.k.i.DiagnosticsManager]: System memory information:
2014-02-07 21:15:28.558+0000 INFO  [o.n.k.i.DiagnosticsManager]: Total Physical memory: 16.00 GB
2014-02-07 21:15:28.559+0000 INFO  [o.n.k.i.DiagnosticsManager]: Free Physical memory: 8.26 GB
2014-02-07 21:15:28.559+0000 INFO  [o.n.k.i.DiagnosticsManager]: Committed virtual memory: 6.68 GB
2014-02-07 21:15:28.559+0000 INFO  [o.n.k.i.DiagnosticsManager]: Total swap space: 1.00 GB
2014-02-07 21:15:28.560+0000 INFO  [o.n.k.i.DiagnosticsManager]: Free swap space: 794.50 MB
2014-02-07 21:15:28.560+0000 INFO  [o.n.k.i.DiagnosticsManager]: JVM memory information:
2014-02-07 21:15:28.560+0000 INFO  [o.n.k.i.DiagnosticsManager]: Free  memory: 196.66 MB
2014-02-07 21:15:28.561+0000 INFO  [o.n.k.i.DiagnosticsManager]: Total memory: 247.50 MB
2014-02-07 21:15:28.561+0000 INFO  [o.n.k.i.DiagnosticsManager]: Max   memory: 3.94 GB
2014-02-07 21:15:28.568+0000 INFO  [o.n.k.i.DiagnosticsManager]: Garbage Collector: ParNew: [Par Eden Space, Par Survivor Space]
2014-02-07 21:15:28.568+0000 INFO  [o.n.k.i.DiagnosticsManager]: Garbage Collector: ConcurrentMarkSweep: [Par Eden Space, Par Survivor Space, CMS Old Gen, CMS Perm Gen]
2014-02-07 21:15:28.569+0000 INFO  [o.n.k.i.DiagnosticsManager]: Memory Pool: Code Cache (Non-heap memory): committed=2.44 MB, used=696.69 kB, max=48.00 MB, threshold=0.00 B
2014-02-07 21:15:28.570+0000 INFO  [o.n.k.i.DiagnosticsManager]: Memory Pool: Par Eden Space (Heap memory): committed=68.31 MB, used=50.84 MB, max=532.56 MB, threshold=?
2014-02-07 21:15:28.570+0000 INFO  [o.n.k.i.DiagnosticsManager]: Memory Pool: Par Survivor Space (Heap memory): committed=8.50 MB, used=0.00 B, max=66.50 MB, threshold=?
2014-02-07 21:15:28.571+0000 INFO  [o.n.k.i.DiagnosticsManager]: Memory Pool: CMS Old Gen (Heap memory): committed=170.69 MB, used=0.00 B, max=3.35 GB, threshold=0.00 B
2014-02-07 21:15:28.571+0000 INFO  [o.n.k.i.DiagnosticsManager]: Memory Pool: CMS Perm Gen (Non-heap memory): committed=20.75 MB, used=12.71 MB, max=82.00 MB, threshold=0.00 B
2014-02-07 21:15:28.571+0000 INFO  [o.n.k.i.DiagnosticsManager]: Operating system information:
2014-02-07 21:15:28.572+0000 INFO  [o.n.k.i.DiagnosticsManager]: Operating System: Mac OS X; version: 10.9.1; arch: x86_64; cpus: 8
2014-02-07 21:15:28.572+0000 INFO  [o.n.k.i.DiagnosticsManager]: Max number of file descriptors: 10240
2014-02-07 21:15:28.573+0000 INFO  [o.n.k.i.DiagnosticsManager]: Number of open file descriptors: 85
2014-02-07 21:15:28.573+0000 INFO  [o.n.k.i.DiagnosticsManager]: Process id: 52788@localhost
2014-02-07 21:15:28.573+0000 INFO  [o.n.k.i.DiagnosticsManager]: Byte order: LITTLE_ENDIAN
2014-02-07 21:15:28.574+0000 INFO  [o.n.k.i.DiagnosticsManager]: Local timezone: America/Vancouver
2014-02-07 21:15:28.574+0000 INFO  [o.n.k.i.DiagnosticsManager]: JVM information:
2014-02-07 21:15:28.574+0000 INFO  [o.n.k.i.DiagnosticsManager]: VM Name: Java HotSpot(TM) 64-Bit Server VM
2014-02-07 21:15:28.574+0000 INFO  [o.n.k.i.DiagnosticsManager]: VM Vendor: Oracle Corporation
2014-02-07 21:15:28.574+0000 INFO  [o.n.k.i.DiagnosticsManager]: VM Version: 24.51-b03
2014-02-07 21:15:28.574+0000 INFO  [o.n.k.i.DiagnosticsManager]: JIT compiler: HotSpot 64-Bit Tiered Compilers
2014-02-07 21:15:28.575+0000 INFO  [o.n.k.i.DiagnosticsManager]: VM Arguments: [-XX:+DisableExplicitGC, -Dorg.neo4j.server.properties=conf/neo4j-server.properties, -Djava.util.logging.config.file=conf/logging.properties, -Dlog4j.configuration=file:conf/log4j.properties, -XX:+UseConcMarkSweepGC, -XX:+CMSClassUnloadingEnabled, -Dneo4j.home=/Users/ericbrooke/dev/neoPlay/myapp/neo4j, -Dneo4j.instance=/Users/ericbrooke/dev/neoPlay/myapp/neo4j, -Dfile.encoding=UTF-8]
2014-02-07 21:15:28.575+0000 INFO  [o.n.k.i.DiagnosticsManager]: Java classpath:
2014-02-07 21:15:28.576+0000 INFO  [o.n.k.i.DiagnosticsManager]:  [classpath + loader.0] file:/Users/ericbrooke/dev/neoPlay/myapp/neo4j/system/lib/logback-classic-1.0.9.jar
2014-02-07 21:15:28.576+0000 INFO  [o.n.k.i.DiagnosticsManager]:  [classpath + loader.0] file:/Users/ericbrooke/dev/neoPlay/myapp/neo4j/lib/neo4j-graph-algo-2.0.0.jar
2014-02-07 21:15:28.577+0000 INFO  [o.n.k.i.DiagnosticsManager]:  [loader.1] file:/System/Library/Java/Extensions/dns_sd.jar
2014-02-07 21:15:28.577+0000 INFO  [o.n.k.i.DiagnosticsManager]:  [classpath + loader.0] file:/Users/ericbrooke/dev/neoPlay/myapp/neo4j/system/lib/jersey-multipart-1.9.jar
2014-02-07 21:15:28.577+0000 INFO  [o.n.k.i.DiagnosticsManager]:  [classpath + loader.0] file:/Users/ericbrooke/dev/neoPlay/myapp/neo4j/lib/neo4j-shell-2.0.0.jar
2014-02-07 21:15:28.577+0000 INFO  [o.n.k.i.DiagnosticsManager]:  [bootstrap] /Library/Java/JavaVirtualMachines/jdk1.7.0_51.jdk/Contents/Home/jre/lib/jce.jar
2014-02-07 21:15:28.577+0000 INFO  [o.n.k.i.DiagnosticsManager]:  [classpath + loader.0] file:/Users/ericbrooke/dev/neoPlay/myapp/neo4j/system/lib/javax.servlet-3.0.0.v201112011016.jar
2014-02-07 21:15:28.577+0000 INFO  [o.n.k.i.DiagnosticsManager]:  [loader.1] file:/System/Library/Java/Extensions/MRJToolkit.jar
2014-02-07 21:15:28.577+0000 INFO  [o.n.k.i.DiagnosticsManager]:  [classpath + loader.0] file:/Users/ericbrooke/dev/neoPlay/myapp/neo4j/system/lib/neo4j-browser-2.0.0.jar
2014-02-07 21:15:28.577+0000 INFO  [o.n.k.i.DiagnosticsManager]:  [loader.1] file:/System/Library/Java/Extensions/vecmath.jar
2014-02-07 21:15:28.577+0000 INFO  [o.n.k.i.DiagnosticsManager]:  [classpath + loader.0] file:/Users/ericbrooke/dev/neoPlay/myapp/neo4j/system/lib/asm-3.1.jar
2014-02-07 21:15:28.577+0000 INFO  [o.n.k.i.DiagnosticsManager]:  [classpath + loader.0] file:/Users/ericbrooke/dev/neoPlay/myapp/neo4j/lib/server-api-2.0.0.jar
2014-02-07 21:15:28.577+0000 INFO  [o.n.k.i.DiagnosticsManager]:  [bootstrap] /Library/Java/JavaVirtualMachines/jdk1.7.0_51.jdk/Contents/Home/jre/lib/sunrsasign.jar
2014-02-07 21:15:28.577+0000 INFO  [o.n.k.i.DiagnosticsManager]:  [loader.1] file:/System/Library/Java/Extensions/libmlib_jai.jnilib
2014-02-07 21:15:28.577+0000 INFO  [o.n.k.i.DiagnosticsManager]:  [classpath + loader.0] file:/Users/ericbrooke/dev/neoPlay/myapp/neo4j/system/lib/jetty-server-9.0.5.v20130815.jar
2014-02-07 21:15:28.577+0000 INFO  [o.n.k.i.DiagnosticsManager]:  [classpath + loader.0] file:/Users/ericbrooke/dev/neoPlay/myapp/neo4j/system/lib/logback-access-1.0.9.jar
2014-02-07 21:15:28.577+0000 INFO  [o.n.k.i.DiagnosticsManager]:  [loader.1] file:/Library/Java/JavaVirtualMachines/jdk1.7.0_51.jdk/Contents/Home/jre/lib/ext/sunec.jar
2014-02-07 21:15:28.577+0000 INFO  [o.n.k.i.DiagnosticsManager]:  [classpath + loader.0] file:/Users/ericbrooke/dev/neoPlay/myapp/neo4j/lib/parboiled-scala_2.10-1.1.6.jar
2014-02-07 21:15:28.577+0000 INFO  [o.n.k.i.DiagnosticsManager]:  [classpath + loader.0] file:/Users/ericbrooke/dev/neoPlay/myapp/neo4j/system/lib/commons-io-1.4.jar
2014-02-07 21:15:28.577+0000 INFO  [o.n.k.i.DiagnosticsManager]:  [classpath + loader.0] file:/Users/ericbrooke/dev/neoPlay/myapp/neo4j/system/lib/jersey-core-1.9.jar
2014-02-07 21:15:28.577+0000 INFO  [o.n.k.i.DiagnosticsManager]:  [classpath + loader.0] file:/Users/ericbrooke/dev/neoPlay/myapp/neo4j/lib/org.apache.servicemix.bundles.jline-0.9.94_1.jar
2014-02-07 21:15:28.577+0000 INFO  [o.n.k.i.DiagnosticsManager]:  [classpath + loader.0] file:/Users/ericbrooke/dev/neoPlay/myapp/neo4j/lib/neo4j-jmx-2.0.0.jar
2014-02-07 21:15:28.577+0000 INFO  [o.n.k.i.DiagnosticsManager]:  [loader.1] file:/System/Library/Java/Extensions/libJ3D.jnilib
2014-02-07 21:15:28.577+0000 INFO  [o.n.k.i.DiagnosticsManager]:  [loader.1] file:/System/Library/Java/Extensions/mlibwrapper_jai.jar
2014-02-07 21:15:28.577+0000 INFO  [o.n.k.i.DiagnosticsManager]:  [loader.1] file:/System/Library/Java/Extensions/QTJava.zip
2014-02-07 21:15:28.577+0000 INFO  [o.n.k.i.DiagnosticsManager]:  [classpath + loader.0] file:/Users/ericbrooke/dev/neoPlay/myapp/neo4j/system/lib/commons-compiler-2.6.1.jar
2014-02-07 21:15:28.577+0000 INFO  [o.n.k.i.DiagnosticsManager]:  [classpath + loader.0] file:/Users/ericbrooke/dev/neoPlay/myapp/neo4j/system/lib/commons-collections-3.2.1.jar
2014-02-07 21:15:28.577+0000 INFO  [o.n.k.i.DiagnosticsManager]:  [loader.1] file:/Library/Java/JavaVirtualMachines/jdk1.7.0_51.jdk/Contents/Home/jre/lib/ext/localedata.jar
2014-02-07 21:15:28.577+0000 INFO  [o.n.k.i.DiagnosticsManager]:  [bootstrap] /Library/Java/JavaVirtualMachines/jdk1.7.0_51.jdk/Contents/Home/jre/lib/charsets.jar
2014-02-07 21:15:28.577+0000 INFO  [o.n.k.i.DiagnosticsManager]:  [classpath + loader.0] file:/Users/ericbrooke/dev/neoPlay/myapp/neo4j/system/lib/jsr311-api-1.1.2.r612.jar
2014-02-07 21:15:28.577+0000 INFO  [o.n.k.i.DiagnosticsManager]:  [loader.1] file:/System/Library/Java/Extensions/libJ3DAudio.jnilib
2014-02-07 21:15:28.577+0000 INFO  [o.n.k.i.DiagnosticsManager]:  [loader.1] file:/System/Library/Java/Extensions/libAppleScriptEngine.jnilib
2014-02-07 21:15:28.577+0000 INFO  [o.n.k.i.DiagnosticsManager]:  [classpath + loader.0] file:/Users/ericbrooke/dev/neoPlay/myapp/neo4j/system/lib/jetty-io-9.0.5.v20130815.jar
2014-02-07 21:15:28.577+0000 INFO  [o.n.k.i.DiagnosticsManager]:  [classpath + loader.0] file:/Users/ericbrooke/dev/neoPlay/myapp/neo4j/system/lib/commons-beanutils-core-1.8.0.jar
2014-02-07 21:15:28.577+0000 INFO  [o.n.k.i.DiagnosticsManager]:  [bootstrap] /Library/Java/JavaVirtualMachines/jdk1.7.0_51.jdk/Contents/Home/jre/lib/jfr.jar
2014-02-07 21:15:28.577+0000 INFO  [o.n.k.i.DiagnosticsManager]:  [loader.1] file:/System/Library/Java/Extensions/j3daudio.jar
2014-02-07 21:15:28.577+0000 INFO  [o.n.k.i.DiagnosticsManager]:  [classpath + loader.0] file:/Users/ericbrooke/dev/neoPlay/myapp/neo4j/system/lib/bcprov-jdk16-140.jar
2014-02-07 21:15:28.577+0000 INFO  [o.n.k.i.DiagnosticsManager]:  [classpath + loader.0] file:/Users/ericbrooke/dev/neoPlay/myapp/neo4j/lib/neo4j-kernel-2.0.0.jar
2014-02-07 21:15:28.578+0000 INFO  [o.n.k.i.DiagnosticsManager]:  [loader.1] file:/System/Library/Java/Extensions/libJ3DUtils.jnilib
2014-02-07 21:15:28.578+0000 INFO  [o.n.k.i.DiagnosticsManager]:  [classpath + loader.0] file:/Users/ericbrooke/dev/neoPlay/myapp/neo4j/lib/neo4j-cypher-compiler-2.0-2.0.0.jar
2014-02-07 21:15:28.578+0000 INFO  [o.n.k.i.DiagnosticsManager]:  [loader.1] file:/System/Library/Java/Extensions/libQTJNative.jnilib
2014-02-07 21:15:28.578+0000 INFO  [o.n.k.i.DiagnosticsManager]:  [loader.1] file:/System/Library/Java/Extensions/j3dcore.jar
2014-02-07 21:15:28.578+0000 INFO  [o.n.k.i.DiagnosticsManager]:  [loader.1] file:/usr/lib/java/libjdns_sd.jnilib
2014-02-07 21:15:28.578+0000 INFO  [o.n.k.i.DiagnosticsManager]:  [classpath + loader.0] file:/Users/ericbrooke/dev/neoPlay/myapp/neo4j/system/lib/commons-beanutils-1.8.0.jar
2014-02-07 21:15:28.578+0000 INFO  [o.n.k.i.DiagnosticsManager]:  [classpath + loader.0] file:/Users/ericbrooke/dev/neoPlay/myapp/neo4j/system/lib/janino-2.6.1.jar
2014-02-07 21:15:28.578+0000 INFO  [o.n.k.i.DiagnosticsManager]:  [loader.1] file:/Library/Java/JavaVirtualMachines/jdk1.7.0_51.jdk/Contents/Home/jre/lib/ext/sunpkcs11.jar
2014-02-07 21:15:28.578+0000 INFO  [o.n.k.i.DiagnosticsManager]:  [classpath + loader.0] file:/Users/ericbrooke/dev/neoPlay/myapp/neo4j/system/lib/commons-logging-1.1.1.jar
2014-02-07 21:15:28.578+0000 INFO  [o.n.k.i.DiagnosticsManager]:  [bootstrap] /Library/Java/JavaVirtualMachines/jdk1.7.0_51.jdk/Contents/Home/jre/lib/jsse.jar
2014-02-07 21:15:28.578+0000 INFO  [o.n.k.i.DiagnosticsManager]:  [classpath + loader.0] file:/Users/ericbrooke/dev/neoPlay/myapp/neo4j/system/lib/commons-lang-2.4.jar
2014-02-07 21:15:28.578+0000 INFO  [o.n.k.i.DiagnosticsManager]:  [loader.1] file:/Library/Java/JavaVirtualMachines/jdk1.7.0_51.jdk/Contents/Home/jre/lib/ext/zipfs.jar
2014-02-07 21:15:28.578+0000 INFO  [o.n.k.i.DiagnosticsManager]:  [loader.1] file:/System/Library/Java/Extensions/j3dutils.jar
2014-02-07 21:15:28.578+0000 INFO  [o.n.k.i.DiagnosticsManager]:  [classpath + loader.0] file:/Users/ericbrooke/dev/neoPlay/myapp/neo4j/system/lib/rhino-1.7R3.jar
2014-02-07 21:15:28.578+0000 INFO  [o.n.k.i.DiagnosticsManager]:  [classpath + loader.0] file:/Users/ericbrooke/dev/neoPlay/myapp/neo4j/system/lib/jetty-security-9.0.5.v20130815.jar
2014-02-07 21:15:28.578+0000 INFO  [o.n.k.i.DiagnosticsManager]:  [bootstrap] /Library/Java/JavaVirtualMachines/jdk1.7.0_51.jdk/Contents/Home/jre/classes
2014-02-07 21:15:28.578+0000 INFO  [o.n.k.i.DiagnosticsManager]:  [loader.1] file:/System/Library/Java/Extensions/jai_core.jar
2014-02-07 21:15:28.578+0000 INFO  [o.n.k.i.DiagnosticsManager]:  [loader.1] file:/System/Library/Java/Extensions/jai_codec.jar
2014-02-07 21:15:28.578+0000 INFO  [o.n.k.i.DiagnosticsManager]:  [loader.1] file:/Library/Java/JavaVirtualMachines/jdk1.7.0_51.jdk/Contents/Home/jre/lib/ext/sunjce_provider.jar
2014-02-07 21:15:28.578+0000 INFO  [o.n.k.i.DiagnosticsManager]:  [classpath + loader.0] file:/Users/ericbrooke/dev/neoPlay/myapp/neo4j/system/lib/rrd4j-2.0.7.jar
2014-02-07 21:15:28.578+0000 INFO  [o.n.k.i.DiagnosticsManager]:  [classpath + loader.0] file:/Users/ericbrooke/dev/neoPlay/myapp/neo4j/lib/neo4j-cypher-commons-2.0.0.jar
2014-02-07 21:15:28.578+0000 INFO  [o.n.k.i.DiagnosticsManager]:  [classpath + loader.0] file:/Users/ericbrooke/dev/neoPlay/myapp/neo4j/lib/lucene-core-3.6.2.jar
2014-02-07 21:15:28.578+0000 INFO  [o.n.k.i.DiagnosticsManager]:  [classpath + loader.0] file:/Users/ericbrooke/dev/neoPlay/myapp/neo4j/lib/concurrentlinkedhashmap-lru-1.3.1.jar
2014-02-07 21:15:28.578+0000 INFO  [o.n.k.i.DiagnosticsManager]:  [classpath + loader.0] file:/Users/ericbrooke/dev/neoPlay/myapp/neo4j/lib/scala-library-2.10.3.jar
2014-02-07 21:15:28.578+0000 INFO  [o.n.k.i.DiagnosticsManager]:  [classpath + loader.0] file:/Users/ericbrooke/dev/neoPlay/myapp/neo4j/system/lib/slf4j-api-1.6.2.jar
2014-02-07 21:15:28.578+0000 INFO  [o.n.k.i.DiagnosticsManager]:  [classpath + loader.0] file:/Users/ericbrooke/dev/neoPlay/myapp/neo4j/system/lib/jetty-servlet-9.0.5.v20130815.jar
2014-02-07 21:15:28.578+0000 INFO  [o.n.k.i.DiagnosticsManager]:  [classpath + loader.0] file:/Users/ericbrooke/dev/neoPlay/myapp/neo4j/lib/neo4j-udc-2.0.0.jar
2014-02-07 21:15:28.578+0000 INFO  [o.n.k.i.DiagnosticsManager]:  [bootstrap] /Library/Java/JavaVirtualMachines/jdk1.7.0_51.jdk/Contents/Home/jre/lib/resources.jar
2014-02-07 21:15:28.578+0000 INFO  [o.n.k.i.DiagnosticsManager]:  [classpath + loader.0] file:/Users/ericbrooke/dev/neoPlay/myapp/neo4j/conf/
2014-02-07 21:15:28.578+0000 INFO  [o.n.k.i.DiagnosticsManager]:  [classpath + loader.0] file:/Users/ericbrooke/dev/neoPlay/myapp/neo4j/system/lib/jcl-over-slf4j-1.6.1.jar
2014-02-07 21:15:28.578+0000 INFO  [o.n.k.i.DiagnosticsManager]:  [classpath + loader.0] file:/Users/ericbrooke/dev/neoPlay/myapp/neo4j/system/lib/commons-configuration-1.6.jar
2014-02-07 21:15:28.578+0000 INFO  [o.n.k.i.DiagnosticsManager]:  [classpath + loader.0] file:/Users/ericbrooke/dev/neoPlay/myapp/neo4j/system/lib/neo4j-server-2.0.0.jar
2014-02-07 21:15:28.578+0000 INFO  [o.n.k.i.DiagnosticsManager]:  [classpath + loader.0] file:/Users/ericbrooke/dev/neoPlay/myapp/neo4j/system/lib/neo4j-server-2.0.0-static-web.jar
2014-02-07 21:15:28.578+0000 INFO  [o.n.k.i.DiagnosticsManager]:  [loader.1] file:/Library/Java/JavaVirtualMachines/jdk1.7.0_51.jdk/Contents/Home/jre/lib/ext/dnsns.jar
2014-02-07 21:15:28.578+0000 INFO  [o.n.k.i.DiagnosticsManager]:  [classpath + loader.0] file:/Users/ericbrooke/dev/neoPlay/myapp/neo4j/lib/geronimo-jta_1.1_spec-1.1.1.jar
2014-02-07 21:15:28.578+0000 INFO  [o.n.k.i.DiagnosticsManager]:  [classpath + loader.0] file:/Users/ericbrooke/dev/neoPlay/myapp/neo4j/lib/neo4j-cypher-2.0.0.jar
2014-02-07 21:15:28.579+0000 INFO  [o.n.k.i.DiagnosticsManager]:  [bootstrap] /Library/Java/JavaVirtualMachines/jdk1.7.0_51.jdk/Contents/Home/jre/lib/rt.jar
2014-02-07 21:15:28.579+0000 INFO  [o.n.k.i.DiagnosticsManager]:  [classpath + loader.0] file:/Users/ericbrooke/dev/neoPlay/myapp/neo4j/system/lib/logback-core-1.0.9.jar
2014-02-07 21:15:28.579+0000 INFO  [o.n.k.i.DiagnosticsManager]:  [classpath + loader.0] file:/Users/ericbrooke/dev/neoPlay/myapp/neo4j/lib/neo4j-cypher-compiler-1.9-2.0.0.jar
2014-02-07 21:15:28.579+0000 INFO  [o.n.k.i.DiagnosticsManager]:  [classpath + loader.0] file:/Users/ericbrooke/dev/neoPlay/myapp/neo4j/system/lib/mimepull-1.6.jar
2014-02-07 21:15:28.579+0000 INFO  [o.n.k.i.DiagnosticsManager]:  [classpath + loader.0] file:/Users/ericbrooke/dev/neoPlay/myapp/neo4j/system/lib/jetty-webapp-9.0.5.v20130815.jar
2014-02-07 21:15:28.579+0000 INFO  [o.n.k.i.DiagnosticsManager]:  [classpath + loader.0] file:/Users/ericbrooke/dev/neoPlay/myapp/neo4j/system/lib/jetty-util-9.0.5.v20130815.jar
2014-02-07 21:15:28.579+0000 INFO  [o.n.k.i.DiagnosticsManager]:  [classpath + loader.0] file:/Users/ericbrooke/dev/neoPlay/myapp/neo4j/system/lib/jackson-core-asl-1.9.7.jar
2014-02-07 21:15:28.579+0000 INFO  [o.n.k.i.DiagnosticsManager]:  [loader.1] file:/System/Library/Java/Extensions/AppleScriptEngine.jar
2014-02-07 21:15:28.579+0000 INFO  [o.n.k.i.DiagnosticsManager]:  [classpath + loader.0] file:/Users/ericbrooke/dev/neoPlay/myapp/neo4j/system/lib/jackson-mapper-asl-1.9.7.jar
2014-02-07 21:15:28.579+0000 INFO  [o.n.k.i.DiagnosticsManager]:  [classpath + loader.0] file:/Users/ericbrooke/dev/neoPlay/myapp/neo4j/lib/neo4j-lucene-index-2.0.0.jar
2014-02-07 21:15:28.579+0000 INFO  [o.n.k.i.DiagnosticsManager]:  [classpath + loader.0] file:/Users/ericbrooke/dev/neoPlay/myapp/neo4j/system/lib/jersey-server-1.9.jar
2014-02-07 21:15:28.579+0000 INFO  [o.n.k.i.DiagnosticsManager]:  [classpath + loader.0] file:/Users/ericbrooke/dev/neoPlay/myapp/neo4j/system/lib/jetty-http-9.0.5.v20130815.jar
2014-02-07 21:15:28.579+0000 INFO  [o.n.k.i.DiagnosticsManager]:  [classpath + loader.0] file:/Users/ericbrooke/dev/neoPlay/myapp/neo4j/lib/parboiled-core-1.1.6.jar
2014-02-07 21:15:28.579+0000 INFO  [o.n.k.i.DiagnosticsManager]:  [classpath + loader.0] file:/Users/ericbrooke/dev/neoPlay/myapp/neo4j/system/lib/jetty-xml-9.0.5.v20130815.jar
2014-02-07 21:15:28.579+0000 INFO  [o.n.k.i.DiagnosticsManager]:  [classpath + loader.0] file:/Users/ericbrooke/dev/neoPlay/myapp/neo4j/system/lib/jackson-jaxrs-1.9.7.jar
2014-02-07 21:15:28.579+0000 INFO  [o.n.k.i.DiagnosticsManager]:  [classpath + loader.0] file:/Users/ericbrooke/dev/neoPlay/myapp/neo4j/system/lib/commons-digester-1.8.1.jar
2014-02-07 21:15:28.579+0000 INFO  [o.n.k.i.DiagnosticsManager]:  [classpath + loader.0] file:/Users/ericbrooke/dev/neoPlay/myapp/neo4j/lib/neo4j-graph-matching-2.0.0.jar
2014-02-07 21:15:28.579+0000 INFO  [o.n.k.i.DiagnosticsManager]: Library path:
2014-02-07 21:15:28.579+0000 INFO  [o.n.k.i.DiagnosticsManager]: /Users/ericbrooke/Library/Java/Extensions
2014-02-07 21:15:28.579+0000 INFO  [o.n.k.i.DiagnosticsManager]: /Library/Java/Extensions
2014-02-07 21:15:28.579+0000 INFO  [o.n.k.i.DiagnosticsManager]: /Network/Library/Java/Extensions
2014-02-07 21:15:28.579+0000 INFO  [o.n.k.i.DiagnosticsManager]: /System/Library/Java/Extensions
2014-02-07 21:15:28.579+0000 INFO  [o.n.k.i.DiagnosticsManager]: /usr/lib/java
2014-02-07 21:15:28.579+0000 INFO  [o.n.k.i.DiagnosticsManager]: /Users/ericbrooke/dev/neoPlay/myapp/neo4j
2014-02-07 21:15:28.579+0000 INFO  [o.n.k.i.DiagnosticsManager]: System.properties:
2014-02-07 21:15:28.580+0000 INFO  [o.n.k.i.DiagnosticsManager]: sun.boot.library.path = /Library/Java/JavaVirtualMachines/jdk1.7.0_51.jdk/Contents/Home/jre/lib
2014-02-07 21:15:28.580+0000 INFO  [o.n.k.i.DiagnosticsManager]: user.country.format = CA
2014-02-07 21:15:28.580+0000 INFO  [o.n.k.i.DiagnosticsManager]: org.neo4j.server.properties = conf/neo4j-server.properties
2014-02-07 21:15:28.580+0000 INFO  [o.n.k.i.DiagnosticsManager]: gopherProxySet = false
2014-02-07 21:15:28.580+0000 INFO  [o.n.k.i.DiagnosticsManager]: path.separator = :
2014-02-07 21:15:28.581+0000 INFO  [o.n.k.i.DiagnosticsManager]: file.encoding.pkg = sun.io
2014-02-07 21:15:28.581+0000 INFO  [o.n.k.i.DiagnosticsManager]: user.country = US
2014-02-07 21:15:28.581+0000 INFO  [o.n.k.i.DiagnosticsManager]: sun.java.launcher = SUN_STANDARD
2014-02-07 21:15:28.581+0000 INFO  [o.n.k.i.DiagnosticsManager]: sun.os.patch.level = unknown
2014-02-07 21:15:28.581+0000 INFO  [o.n.k.i.DiagnosticsManager]: user.dir = /Users/ericbrooke/dev/neoPlay/myapp/neo4j
2014-02-07 21:15:28.581+0000 INFO  [o.n.k.i.DiagnosticsManager]: log4j.configuration = file:conf/log4j.properties
2014-02-07 21:15:28.581+0000 INFO  [o.n.k.i.DiagnosticsManager]: sun.jnu.encoding = UTF-8
2014-02-07 21:15:28.581+0000 INFO  [o.n.k.i.DiagnosticsManager]: sun.management.compiler = HotSpot 64-Bit Tiered Compilers
2014-02-07 21:15:28.581+0000 INFO  [o.n.k.i.DiagnosticsManager]: http.nonProxyHosts = local|*.local|169.254/16|*.169.254/16
2014-02-07 21:15:28.581+0000 INFO  [o.n.k.i.DiagnosticsManager]: user.home = /Users/ericbrooke
2014-02-07 21:15:28.581+0000 INFO  [o.n.k.i.DiagnosticsManager]: user.timezone = America/Vancouver
2014-02-07 21:15:28.581+0000 INFO  [o.n.k.i.DiagnosticsManager]: file.encoding = UTF-8
2014-02-07 21:15:28.581+0000 INFO  [o.n.k.i.DiagnosticsManager]: user.name = ericbrooke
2014-02-07 21:15:28.581+0000 INFO  [o.n.k.i.DiagnosticsManager]: sun.java.command = org.neo4j.server.Bootstrapper
2014-02-07 21:15:28.582+0000 INFO  [o.n.k.i.DiagnosticsManager]: sun.arch.data.model = 64
2014-02-07 21:15:28.582+0000 INFO  [o.n.k.i.DiagnosticsManager]: user.language = en
2014-02-07 21:15:28.582+0000 INFO  [o.n.k.i.DiagnosticsManager]: awt.toolkit = sun.lwawt.macosx.LWCToolkit
2014-02-07 21:15:28.582+0000 INFO  [o.n.k.i.DiagnosticsManager]: file.separator = /
2014-02-07 21:15:28.582+0000 INFO  [o.n.k.i.DiagnosticsManager]: sun.io.unicode.encoding = UnicodeBig
2014-02-07 21:15:28.582+0000 INFO  [o.n.k.i.DiagnosticsManager]: sun.cpu.endian = little
2014-02-07 21:15:28.582+0000 INFO  [o.n.k.i.DiagnosticsManager]: socksNonProxyHosts = local|*.local|169.254/16|*.169.254/16
2014-02-07 21:15:28.582+0000 INFO  [o.n.k.i.DiagnosticsManager]: neo4j.instance = /Users/ericbrooke/dev/neoPlay/myapp/neo4j
2014-02-07 21:15:28.582+0000 INFO  [o.n.k.i.DiagnosticsManager]: ftp.nonProxyHosts = local|*.local|169.254/16|*.169.254/16
2014-02-07 21:15:28.582+0000 INFO  [o.n.k.i.DiagnosticsManager]: neo4j.home = /Users/ericbrooke/dev/neoPlay/myapp/neo4j
2014-02-07 21:15:28.582+0000 INFO  [o.n.k.i.DiagnosticsManager]: sun.cpu.isalist = 
2014-02-07 21:15:28.582+0000 INFO  [o.n.k.i.DiagnosticsManager]: Network information:
2014-02-07 21:15:28.586+0000 INFO  [o.n.k.i.DiagnosticsManager]: Interface utun0:
2014-02-07 21:15:28.586+0000 INFO  [o.n.k.i.DiagnosticsManager]:     address: fdd7:da51:30ea:2752:80a:7842:47bf:bd2
2014-02-07 21:15:28.587+0000 INFO  [o.n.k.i.DiagnosticsManager]:     address: fe80:0:0:0:80a:7842:47bf:bd2%9
2014-02-07 21:15:28.587+0000 INFO  [o.n.k.i.DiagnosticsManager]: Interface en0:
2014-02-07 21:15:28.587+0000 INFO  [o.n.k.i.DiagnosticsManager]:     address: fe80:0:0:0:bae8:56ff:fe49:292%4
2014-02-07 21:15:28.587+0000 INFO  [o.n.k.i.DiagnosticsManager]:     address: 192.168.1.179
2014-02-07 21:15:28.587+0000 INFO  [o.n.k.i.DiagnosticsManager]: Interface lo0:
2014-02-07 21:15:28.587+0000 INFO  [o.n.k.i.DiagnosticsManager]:     address: fe80:0:0:0:0:0:0:1%1
2014-02-07 21:15:28.587+0000 INFO  [o.n.k.i.DiagnosticsManager]:     address: 0:0:0:0:0:0:0:1
2014-02-07 21:15:28.587+0000 INFO  [o.n.k.i.DiagnosticsManager]:     address: 127.0.0.1
2014-02-07 21:15:28.587+0000 INFO  [o.n.k.i.DiagnosticsManager]: --- INITIALIZED diagnostics END ---
2014-02-07 21:15:28.711+0000 INFO  [o.n.k.i.n.s.StoreFactory]: Creating new db @ /Users/ericbrooke/dev/neoPlay/myapp/neo4j/data/graph.db/neostore
2014-02-07 21:15:28.736+0000 INFO  [o.n.k.i.n.s.StoreFactory]: [/Users/ericbrooke/dev/neoPlay/myapp/neo4j/data/graph.db/neostore.relationshiptypestore.db.names] brickCount=0 brickSize=0b mappedMem=0b (storeSize=38b)
2014-02-07 21:15:28.738+0000 INFO  [o.n.k.i.n.s.StoreFactory]: [/Users/ericbrooke/dev/neoPlay/myapp/neo4j/data/graph.db/neostore.relationshiptypestore.db] brickCount=0 brickSize=0b mappedMem=0b (storeSize=0b)
2014-02-07 21:15:28.738+0000 INFO  [o.n.k.i.n.s.StoreFactory]: /Users/ericbrooke/dev/neoPlay/myapp/neo4j/data/graph.db/neostore.relationshiptypestore.db.names hit=0 miss=0 switches=0 ooe=0
2014-02-07 21:15:28.739+0000 INFO  [o.n.k.i.n.s.StoreFactory]: /Users/ericbrooke/dev/neoPlay/myapp/neo4j/data/graph.db/neostore.relationshiptypestore.db hit=0 miss=0 switches=0 ooe=0
2014-02-07 21:15:28.741+0000 INFO  [o.n.k.i.n.s.StoreFactory]: [/Users/ericbrooke/dev/neoPlay/myapp/neo4j/data/graph.db/neostore.labeltokenstore.db.names] brickCount=0 brickSize=0b mappedMem=0b (storeSize=38b)
2014-02-07 21:15:28.742+0000 INFO  [o.n.k.i.n.s.StoreFactory]: [/Users/ericbrooke/dev/neoPlay/myapp/neo4j/data/graph.db/neostore.labeltokenstore.db] brickCount=0 brickSize=0b mappedMem=0b (storeSize=0b)
2014-02-07 21:15:28.742+0000 INFO  [o.n.k.i.n.s.StoreFactory]: /Users/ericbrooke/dev/neoPlay/myapp/neo4j/data/graph.db/neostore.labeltokenstore.db.names hit=0 miss=0 switches=0 ooe=0
2014-02-07 21:15:28.743+0000 INFO  [o.n.k.i.n.s.StoreFactory]: /Users/ericbrooke/dev/neoPlay/myapp/neo4j/data/graph.db/neostore.labeltokenstore.db hit=0 miss=0 switches=0 ooe=0
2014-02-07 21:15:28.745+0000 INFO  [o.n.k.i.n.s.StoreFactory]: [/Users/ericbrooke/dev/neoPlay/myapp/neo4j/data/graph.db/neostore.relationshiptypestore.db.names] brickCount=0 brickSize=0b mappedMem=0b (storeSize=38b)
2014-02-07 21:15:28.746+0000 INFO  [o.n.k.i.n.s.StoreFactory]: [/Users/ericbrooke/dev/neoPlay/myapp/neo4j/data/graph.db/neostore.relationshiptypestore.db] brickCount=0 brickSize=0b mappedMem=0b (storeSize=0b)
2014-02-07 21:15:28.746+0000 INFO  [o.n.k.i.n.s.StoreFactory]: [/Users/ericbrooke/dev/neoPlay/myapp/neo4j/data/graph.db/neostore.labeltokenstore.db.names] brickCount=0 brickSize=0b mappedMem=0b (storeSize=38b)
2014-02-07 21:15:28.746+0000 INFO  [o.n.k.i.n.s.StoreFactory]: [/Users/ericbrooke/dev/neoPlay/myapp/neo4j/data/graph.db/neostore.labeltokenstore.db] brickCount=0 brickSize=0b mappedMem=0b (storeSize=0b)
2014-02-07 21:15:28.746+0000 INFO  [o.n.k.i.n.s.StoreFactory]: [/Users/ericbrooke/dev/neoPlay/myapp/neo4j/data/graph.db/neostore.propertystore.db.strings] brickCount=0 brickSize=1144960b mappedMem=1145044992b (storeSize=128b)
2014-02-07 21:15:28.747+0000 INFO  [o.n.k.i.n.s.StoreFactory]: [/Users/ericbrooke/dev/neoPlay/myapp/neo4j/data/graph.db/neostore.propertystore.db.index.keys] brickCount=0 brickSize=0b mappedMem=0b (storeSize=38b)
2014-02-07 21:15:28.747+0000 INFO  [o.n.k.i.n.s.StoreFactory]: [/Users/ericbrooke/dev/neoPlay/myapp/neo4j/data/graph.db/neostore.propertystore.db.index] brickCount=0 brickSize=0b mappedMem=0b (storeSize=0b)
2014-02-07 21:15:28.747+0000 INFO  [o.n.k.i.n.s.StoreFactory]: [/Users/ericbrooke/dev/neoPlay/myapp/neo4j/data/graph.db/neostore.propertystore.db.arrays] brickCount=0 brickSize=1298048b mappedMem=1298137088b (storeSize=128b)
2014-02-07 21:15:28.749+0000 INFO  [o.n.k.i.n.s.StoreFactory]: [/Users/ericbrooke/dev/neoPlay/myapp/neo4j/data/graph.db/neostore.propertystore.db] brickCount=0 brickSize=13474199b mappedMem=1347420160b (storeSize=0b)
2014-02-07 21:15:28.751+0000 INFO  [o.n.k.i.n.s.StoreFactory]: [/Users/ericbrooke/dev/neoPlay/myapp/neo4j/data/graph.db/neostore.relationshipstore.db] brickCount=0 brickSize=16515048b mappedMem=1651507200b (storeSize=0b)
2014-02-07 21:15:28.752+0000 INFO  [o.n.k.i.n.s.StoreFactory]: [/Users/ericbrooke/dev/neoPlay/myapp/neo4j/data/graph.db/neostore.nodestore.db.labels] brickCount=0 brickSize=0b mappedMem=0b (storeSize=68b)
2014-02-07 21:15:28.753+0000 INFO  [o.n.k.i.n.s.StoreFactory]: [/Users/ericbrooke/dev/neoPlay/myapp/neo4j/data/graph.db/neostore.nodestore.db] brickCount=0 brickSize=3743404b mappedMem=374341632b (storeSize=0b)
2014-02-07 21:15:28.753+0000 INFO  [o.n.k.i.n.s.StoreFactory]: [/Users/ericbrooke/dev/neoPlay/myapp/neo4j/data/graph.db/neostore.schemastore.db] brickCount=0 brickSize=0b mappedMem=0b (storeSize=64b)
2014-02-07 21:15:28.754+0000 INFO  [o.n.k.i.n.s.StoreFactory]: [/Users/ericbrooke/dev/neoPlay/myapp/neo4j/data/graph.db/neostore] brickCount=0 brickSize=0b mappedMem=0b (storeSize=0b)
2014-02-07 21:15:28.757+0000 INFO  [o.n.k.i.n.s.StoreFactory]: /Users/ericbrooke/dev/neoPlay/myapp/neo4j/data/graph.db/neostore.relationshiptypestore.db.names hit=0 miss=0 switches=0 ooe=0
2014-02-07 21:15:28.758+0000 INFO  [o.n.k.i.n.s.StoreFactory]: /Users/ericbrooke/dev/neoPlay/myapp/neo4j/data/graph.db/neostore.relationshiptypestore.db hit=0 miss=0 switches=0 ooe=0
2014-02-07 21:15:28.758+0000 INFO  [o.n.k.i.n.s.StoreFactory]: /Users/ericbrooke/dev/neoPlay/myapp/neo4j/data/graph.db/neostore.labeltokenstore.db.names hit=0 miss=0 switches=0 ooe=0
2014-02-07 21:15:28.759+0000 INFO  [o.n.k.i.n.s.StoreFactory]: /Users/ericbrooke/dev/neoPlay/myapp/neo4j/data/graph.db/neostore.labeltokenstore.db hit=0 miss=0 switches=0 ooe=0
2014-02-07 21:15:28.760+0000 INFO  [o.n.k.i.n.s.StoreFactory]: /Users/ericbrooke/dev/neoPlay/myapp/neo4j/data/graph.db/neostore.propertystore.db.strings hit=0 miss=0 switches=0 ooe=0
2014-02-07 21:15:28.761+0000 INFO  [o.n.k.i.n.s.StoreFactory]: /Users/ericbrooke/dev/neoPlay/myapp/neo4j/data/graph.db/neostore.propertystore.db.index.keys hit=0 miss=0 switches=0 ooe=0
2014-02-07 21:15:28.761+0000 INFO  [o.n.k.i.n.s.StoreFactory]: /Users/ericbrooke/dev/neoPlay/myapp/neo4j/data/graph.db/neostore.propertystore.db.index hit=0 miss=0 switches=0 ooe=0
2014-02-07 21:15:28.762+0000 INFO  [o.n.k.i.n.s.StoreFactory]: /Users/ericbrooke/dev/neoPlay/myapp/neo4j/data/graph.db/neostore.propertystore.db.arrays hit=0 miss=0 switches=0 ooe=0
2014-02-07 21:15:28.762+0000 INFO  [o.n.k.i.n.s.StoreFactory]: /Users/ericbrooke/dev/neoPlay/myapp/neo4j/data/graph.db/neostore.propertystore.db hit=0 miss=0 switches=0 ooe=0
2014-02-07 21:15:28.763+0000 INFO  [o.n.k.i.n.s.StoreFactory]: /Users/ericbrooke/dev/neoPlay/myapp/neo4j/data/graph.db/neostore.relationshipstore.db hit=0 miss=0 switches=0 ooe=0
2014-02-07 21:15:28.764+0000 INFO  [o.n.k.i.n.s.StoreFactory]: /Users/ericbrooke/dev/neoPlay/myapp/neo4j/data/graph.db/neostore.nodestore.db.labels hit=0 miss=0 switches=0 ooe=0
2014-02-07 21:15:28.764+0000 INFO  [o.n.k.i.n.s.StoreFactory]: /Users/ericbrooke/dev/neoPlay/myapp/neo4j/data/graph.db/neostore.nodestore.db hit=0 miss=0 switches=0 ooe=0
2014-02-07 21:15:28.765+0000 INFO  [o.n.k.i.n.s.StoreFactory]: /Users/ericbrooke/dev/neoPlay/myapp/neo4j/data/graph.db/neostore.schemastore.db hit=0 miss=0 switches=0 ooe=0
2014-02-07 21:15:28.766+0000 INFO  [o.n.k.i.n.s.StoreFactory]: /Users/ericbrooke/dev/neoPlay/myapp/neo4j/data/graph.db/neostore hit=0 miss=8 switches=0 ooe=0
2014-02-07 21:15:28.768+0000 INFO  [o.n.k.i.n.s.StoreFactory]: [/Users/ericbrooke/dev/neoPlay/myapp/neo4j/data/graph.db/neostore.relationshiptypestore.db.names] brickCount=0 brickSize=0b mappedMem=0b (storeSize=38b)
2014-02-07 21:15:28.769+0000 INFO  [o.n.k.i.n.s.StoreFactory]: [/Users/ericbrooke/dev/neoPlay/myapp/neo4j/data/graph.db/neostore.relationshiptypestore.db] brickCount=0 brickSize=0b mappedMem=0b (storeSize=0b)
2014-02-07 21:15:28.769+0000 INFO  [o.n.k.i.n.s.StoreFactory]: [/Users/ericbrooke/dev/neoPlay/myapp/neo4j/data/graph.db/neostore.labeltokenstore.db.names] brickCount=0 brickSize=0b mappedMem=0b (storeSize=38b)
2014-02-07 21:15:28.769+0000 INFO  [o.n.k.i.n.s.StoreFactory]: [/Users/ericbrooke/dev/neoPlay/myapp/neo4j/data/graph.db/neostore.labeltokenstore.db] brickCount=0 brickSize=0b mappedMem=0b (storeSize=0b)
2014-02-07 21:15:28.769+0000 INFO  [o.n.k.i.n.s.StoreFactory]: [/Users/ericbrooke/dev/neoPlay/myapp/neo4j/data/graph.db/neostore.propertystore.db.strings] brickCount=0 brickSize=1144960b mappedMem=1145044992b (storeSize=128b)
2014-02-07 21:15:28.770+0000 INFO  [o.n.k.i.n.s.StoreFactory]: [/Users/ericbrooke/dev/neoPlay/myapp/neo4j/data/graph.db/neostore.propertystore.db.index.keys] brickCount=0 brickSize=0b mappedMem=0b (storeSize=38b)
2014-02-07 21:15:28.770+0000 INFO  [o.n.k.i.n.s.StoreFactory]: [/Users/ericbrooke/dev/neoPlay/myapp/neo4j/data/graph.db/neostore.propertystore.db.index] brickCount=0 brickSize=0b mappedMem=0b (storeSize=0b)
2014-02-07 21:15:28.770+0000 INFO  [o.n.k.i.n.s.StoreFactory]: [/Users/ericbrooke/dev/neoPlay/myapp/neo4j/data/graph.db/neostore.propertystore.db.arrays] brickCount=0 brickSize=1298048b mappedMem=1298137088b (storeSize=128b)
2014-02-07 21:15:28.770+0000 INFO  [o.n.k.i.n.s.StoreFactory]: [/Users/ericbrooke/dev/neoPlay/myapp/neo4j/data/graph.db/neostore.propertystore.db] brickCount=0 brickSize=13474199b mappedMem=1347420160b (storeSize=0b)
2014-02-07 21:15:28.771+0000 INFO  [o.n.k.i.n.s.StoreFactory]: [/Users/ericbrooke/dev/neoPlay/myapp/neo4j/data/graph.db/neostore.relationshipstore.db] brickCount=0 brickSize=16515048b mappedMem=1651507200b (storeSize=0b)
2014-02-07 21:15:28.771+0000 INFO  [o.n.k.i.n.s.StoreFactory]: [/Users/ericbrooke/dev/neoPlay/myapp/neo4j/data/graph.db/neostore.nodestore.db.labels] brickCount=0 brickSize=0b mappedMem=0b (storeSize=68b)
2014-02-07 21:15:28.771+0000 INFO  [o.n.k.i.n.s.StoreFactory]: [/Users/ericbrooke/dev/neoPlay/myapp/neo4j/data/graph.db/neostore.nodestore.db] brickCount=0 brickSize=3743404b mappedMem=374341632b (storeSize=0b)
2014-02-07 21:15:28.771+0000 INFO  [o.n.k.i.n.s.StoreFactory]: [/Users/ericbrooke/dev/neoPlay/myapp/neo4j/data/graph.db/neostore.schemastore.db] brickCount=0 brickSize=0b mappedMem=0b (storeSize=64b)
2014-02-07 21:15:28.772+0000 INFO  [o.n.k.i.n.s.StoreFactory]: [/Users/ericbrooke/dev/neoPlay/myapp/neo4j/data/graph.db/neostore] brickCount=0 brickSize=0b mappedMem=0b (storeSize=63b)
2014-02-07 21:15:28.808+0000 INFO  [o.n.k.a.i.i.LuceneLabelScanStore]: No lucene scan store index found, this might just be first use. Preparing to rebuild.
2014-02-07 21:15:28.825+0000 INFO  [o.n.k.a.i.i.LuceneLabelScanStore]: No lucene scan store index found, this might just be first use. Preparing to rebuild.
2014-02-07 21:15:28.905+0000 INFO  [o.n.k.i.t.x.XaLogicalLog]: Opened logical log [data/graph.db/nioneo_logical.log.1] version=0, lastTxId=1 (clean)
2014-02-07 21:15:28.908+0000 INFO  [o.n.k.a.i.i.LuceneLabelScanStore]: Rebuilding lucene scan store, this may take a while
2014-02-07 21:15:28.909+0000 INFO  [o.n.k.a.i.i.LuceneLabelScanStore]: Lucene scan store rebuilt (roughly -1 nodes)
2014-02-07 21:15:28.911+0000 INFO  [o.n.k.i.t.TxManager]: TM new log: tm_tx_log.1
2014-02-07 21:15:29.023+0000 INFO  [o.n.k.i.t.x.XaLogicalLog]: Opened logical log [data/graph.db/index/lucene.log.1] version=0, lastTxId=1 (clean)
2014-02-07 21:15:29.026+0000 INFO  [o.n.k.i.DiagnosticsManager]: --- STARTED diagnostics for KernelDiagnostics:Versions START ---
2014-02-07 21:15:29.026+0000 INFO  [o.n.k.i.DiagnosticsManager]: Graph Database: org.neo4j.kernel.EmbeddedGraphDatabase StoreId[time:1391807728713, id:-284461945512746587, store version: 13843131341501958]
2014-02-07 21:15:29.026+0000 INFO  [o.n.k.i.DiagnosticsManager]: Kernel version: Neo4j - Graph Database Kernel (neo4j-kernel), version: 2.0.0
2014-02-07 21:15:29.026+0000 INFO  [o.n.k.i.DiagnosticsManager]: Neo4j component versions:
2014-02-07 21:15:29.031+0000 INFO  [o.n.k.i.DiagnosticsManager]:   Neo4j - Lucene Index (neo4j-lucene-index), version: 2.0.0; revision: 2.0.0:master:601/5cfc38672446b92062b3bc209d584591968f1a0f
2014-02-07 21:15:29.031+0000 INFO  [o.n.k.i.DiagnosticsManager]:   Neo4j - JMX support (neo4j-jmx), version: 2.0.0; revision: 2.0.0:master:601/5cfc38672446b92062b3bc209d584591968f1a0f
2014-02-07 21:15:29.031+0000 INFO  [o.n.k.i.DiagnosticsManager]:   Neo4j - Graph Matching (neo4j-graph-matching), version: 2.0.0; revision: 2.0.0:master:601/5cfc38672446b92062b3bc209d584591968f1a0f
2014-02-07 21:15:29.031+0000 INFO  [o.n.k.i.DiagnosticsManager]:   Neo4j Server API (server-api), version: 2.0.0; revision: 2.0.0:master:601/5cfc38672446b92062b3bc209d584591968f1a0f
2014-02-07 21:15:29.031+0000 INFO  [o.n.k.i.DiagnosticsManager]:   Neo4j - Graph Database Kernel (neo4j-kernel), version: 2.0.0; revision: 2.0.0:master:601/5cfc38672446b92062b3bc209d584591968f1a0f
2014-02-07 21:15:29.031+0000 INFO  [o.n.k.i.DiagnosticsManager]:   Neo4j - Cypher (neo4j-cypher), version: 2.0.0; revision: 2.0.0:master:601/5cfc38672446b92062b3bc209d584591968f1a0f
2014-02-07 21:15:29.031+0000 INFO  [o.n.k.i.DiagnosticsManager]:   Neo4j Server (neo4j-server), version: 2.0.0; revision: 2.0.0:master:601/5cfc38672446b92062b3bc209d584591968f1a0f
2014-02-07 21:15:29.031+0000 INFO  [o.n.k.i.DiagnosticsManager]:   Neo4j - Graph Algorithms (neo4j-graph-algo), version: 2.0.0; revision: 2.0.0:master:601/5cfc38672446b92062b3bc209d584591968f1a0f
2014-02-07 21:15:29.031+0000 INFO  [o.n.k.i.DiagnosticsManager]:   Neo4j - Cypher Compiler 2.0 (neo4j-cypher-compiler-2.0), version: 2.0.0; revision: 2.0.0:master:601/5cfc38672446b92062b3bc209d584591968f1a0f
2014-02-07 21:15:29.031+0000 INFO  [o.n.k.i.DiagnosticsManager]:   Neo4j - Generic shell (neo4j-shell), version: 2.0.0; revision: 2.0.0:master:601/5cfc38672446b92062b3bc209d584591968f1a0f
2014-02-07 21:15:29.031+0000 INFO  [o.n.k.i.DiagnosticsManager]:   Neo4j - Cypher Compiler 1.9 (neo4j-cypher-compiler-1.9), version: 2.0.0; revision: 2.0.0:master:601/5cfc38672446b92062b3bc209d584591968f1a0f
2014-02-07 21:15:29.031+0000 INFO  [o.n.k.i.DiagnosticsManager]:   neo4j-udc, version: 2.0.0; revision: 2.0.0:master:601/5cfc38672446b92062b3bc209d584591968f1a0f
2014-02-07 21:15:29.031+0000 INFO  [o.n.k.i.DiagnosticsManager]:   Neo4j - Cypher Commons (neo4j-cypher-commons), version: 2.0.0; revision: 2.0.0:master:601/5cfc38672446b92062b3bc209d584591968f1a0f
2014-02-07 21:15:29.031+0000 INFO  [o.n.k.i.DiagnosticsManager]: --- STARTED diagnostics for KernelDiagnostics:Versions END ---
2014-02-07 21:15:29.033+0000 INFO  [o.n.k.i.DiagnosticsManager]: --- STARTED diagnostics for NEO_STORE_VERSIONS START ---
2014-02-07 21:15:29.033+0000 INFO  [o.n.k.i.DiagnosticsManager]: Store versions:
2014-02-07 21:15:29.033+0000 INFO  [o.n.k.i.DiagnosticsManager]: Store versions:
2014-02-07 21:15:29.033+0000 INFO  [o.n.k.i.DiagnosticsManager]:   NeoStore v0.A.1
2014-02-07 21:15:29.033+0000 INFO  [o.n.k.i.DiagnosticsManager]:   SchemaStore v0.A.1
2014-02-07 21:15:29.033+0000 INFO  [o.n.k.i.DiagnosticsManager]:   NodeStore v0.A.1
2014-02-07 21:15:29.033+0000 INFO  [o.n.k.i.DiagnosticsManager]:   RelationshipStore v0.A.1
2014-02-07 21:15:29.033+0000 INFO  [o.n.k.i.DiagnosticsManager]:   RelationshipTypeStore v0.A.1
2014-02-07 21:15:29.033+0000 INFO  [o.n.k.i.DiagnosticsManager]:   LabelTokenStore v0.A.1
2014-02-07 21:15:29.033+0000 INFO  [o.n.k.i.DiagnosticsManager]:   PropertyStore v0.A.1
2014-02-07 21:15:29.033+0000 INFO  [o.n.k.i.DiagnosticsManager]:   PropertyIndexStore v0.A.1
2014-02-07 21:15:29.033+0000 INFO  [o.n.k.i.DiagnosticsManager]:   StringPropertyStore v0.A.1
2014-02-07 21:15:29.033+0000 INFO  [o.n.k.i.DiagnosticsManager]:   ArrayPropertyStore v0.A.1
2014-02-07 21:15:29.033+0000 INFO  [o.n.k.i.DiagnosticsManager]: --- STARTED diagnostics for NEO_STORE_VERSIONS END ---
2014-02-07 21:15:29.033+0000 INFO  [o.n.k.i.DiagnosticsManager]: --- STARTED diagnostics for NEO_STORE_ID_USAGE START ---
2014-02-07 21:15:29.033+0000 INFO  [o.n.k.i.DiagnosticsManager]: Id usage:
2014-02-07 21:15:29.034+0000 INFO  [o.n.k.i.DiagnosticsManager]: Id usage:
2014-02-07 21:15:29.034+0000 INFO  [o.n.k.i.DiagnosticsManager]:   SchemaStore: used=1 high=0
2014-02-07 21:15:29.034+0000 INFO  [o.n.k.i.DiagnosticsManager]:   NodeStore: used=0 high=-1
2014-02-07 21:15:29.034+0000 INFO  [o.n.k.i.DiagnosticsManager]:   RelationshipStore: used=0 high=-1
2014-02-07 21:15:29.034+0000 INFO  [o.n.k.i.DiagnosticsManager]:   RelationshipTypeStore: used=0 high=-1
2014-02-07 21:15:29.034+0000 INFO  [o.n.k.i.DiagnosticsManager]:   LabelTokenStore: used=0 high=-1
2014-02-07 21:15:29.034+0000 INFO  [o.n.k.i.DiagnosticsManager]:   PropertyStore: used=0 high=-1
2014-02-07 21:15:29.034+0000 INFO  [o.n.k.i.DiagnosticsManager]:   PropertyIndexStore: used=0 high=-1
2014-02-07 21:15:29.034+0000 INFO  [o.n.k.i.DiagnosticsManager]:   StringPropertyStore: used=1 high=0
2014-02-07 21:15:29.034+0000 INFO  [o.n.k.i.DiagnosticsManager]:   ArrayPropertyStore: used=1 high=0
2014-02-07 21:15:29.034+0000 INFO  [o.n.k.i.DiagnosticsManager]: --- STARTED diagnostics for NEO_STORE_ID_USAGE END ---
2014-02-07 21:15:29.035+0000 INFO  [o.n.k.i.DiagnosticsManager]: --- STARTED diagnostics for PERSISTENCE_WINDOW_POOL_STATS START ---
2014-02-07 21:15:29.035+0000 INFO  [o.n.k.i.DiagnosticsManager]: --- STARTED diagnostics for PERSISTENCE_WINDOW_POOL_STATS END ---
2014-02-07 21:15:29.035+0000 INFO  [o.n.k.i.DiagnosticsManager]: --- STARTED diagnostics for KernelDiagnostics:StoreFiles START ---
2014-02-07 21:15:29.035+0000 INFO  [o.n.k.i.DiagnosticsManager]: Disk space on partition (Total / Free / Free %): 699695820800 / 293924794368 / 42
Storage files: (filename : modification date - size)
2014-02-07 21:15:29.035+0000 INFO  [o.n.k.i.DiagnosticsManager]:   active_tx_log: 2014-02-07T13:15:28-0800 - 11.00 B
2014-02-07 21:15:29.035+0000 INFO  [o.n.k.i.DiagnosticsManager]:   index:
2014-02-07 21:15:29.036+0000 INFO  [o.n.k.i.DiagnosticsManager]:     lucene-store.db: 2014-02-07T13:15:29-0800 - 40.00 B
2014-02-07 21:15:29.036+0000 INFO  [o.n.k.i.DiagnosticsManager]:     lucene.log.1: 2014-02-07T13:15:29-0800 - 16.00 B
2014-02-07 21:15:29.036+0000 INFO  [o.n.k.i.DiagnosticsManager]:     lucene.log.active: 2014-02-07T13:15:29-0800 - 4.00 B
2014-02-07 21:15:29.036+0000 INFO  [o.n.k.i.DiagnosticsManager]:   - Total: 2014-02-07T13:15:29-0800 - 60.00 B
2014-02-07 21:15:29.036+0000 INFO  [o.n.k.i.DiagnosticsManager]:   lock: 2014-02-07T13:15:28-0800 - 0.00 B
2014-02-07 21:15:29.037+0000 INFO  [o.n.k.i.DiagnosticsManager]:   messages.log: 2014-02-07T13:15:29-0800 - 42.92 kB
2014-02-07 21:15:29.037+0000 INFO  [o.n.k.i.DiagnosticsManager]:   neostore: 2014-02-07T13:15:28-0800 - 63.00 B
2014-02-07 21:15:29.037+0000 INFO  [o.n.k.i.DiagnosticsManager]:   neostore.id: 2014-02-07T13:15:28-0800 - 9.00 B
2014-02-07 21:15:29.037+0000 INFO  [o.n.k.i.DiagnosticsManager]:   neostore.labeltokenstore.db: 2014-02-07T13:15:28-0800 - 0.00 B
2014-02-07 21:15:29.037+0000 INFO  [o.n.k.i.DiagnosticsManager]:   neostore.labeltokenstore.db.id: 2014-02-07T13:15:28-0800 - 9.00 B
2014-02-07 21:15:29.038+0000 INFO  [o.n.k.i.DiagnosticsManager]:   neostore.labeltokenstore.db.names: 2014-02-07T13:15:28-0800 - 38.00 B
2014-02-07 21:15:29.038+0000 INFO  [o.n.k.i.DiagnosticsManager]:   neostore.labeltokenstore.db.names.id: 2014-02-07T13:15:28-0800 - 9.00 B
2014-02-07 21:15:29.038+0000 INFO  [o.n.k.i.DiagnosticsManager]:   neostore.nodestore.db: 2014-02-07T13:15:28-0800 - 0.00 B
2014-02-07 21:15:29.038+0000 INFO  [o.n.k.i.DiagnosticsManager]:   neostore.nodestore.db.id: 2014-02-07T13:15:28-0800 - 9.00 B
2014-02-07 21:15:29.038+0000 INFO  [o.n.k.i.DiagnosticsManager]:   neostore.nodestore.db.labels: 2014-02-07T13:15:28-0800 - 68.00 B
2014-02-07 21:15:29.039+0000 INFO  [o.n.k.i.DiagnosticsManager]:   neostore.nodestore.db.labels.id: 2014-02-07T13:15:28-0800 - 9.00 B
2014-02-07 21:15:29.039+0000 INFO  [o.n.k.i.DiagnosticsManager]:   neostore.propertystore.db: 2014-02-07T13:15:28-0800 - 0.00 B
2014-02-07 21:15:29.039+0000 INFO  [o.n.k.i.DiagnosticsManager]:   neostore.propertystore.db.arrays: 2014-02-07T13:15:28-0800 - 128.00 B
2014-02-07 21:15:29.039+0000 INFO  [o.n.k.i.DiagnosticsManager]:   neostore.propertystore.db.arrays.id: 2014-02-07T13:15:28-0800 - 9.00 B
2014-02-07 21:15:29.039+0000 INFO  [o.n.k.i.DiagnosticsManager]:   neostore.propertystore.db.id: 2014-02-07T13:15:28-0800 - 9.00 B
2014-02-07 21:15:29.040+0000 INFO  [o.n.k.i.DiagnosticsManager]:   neostore.propertystore.db.index: 2014-02-07T13:15:28-0800 - 0.00 B
2014-02-07 21:15:29.040+0000 INFO  [o.n.k.i.DiagnosticsManager]:   neostore.propertystore.db.index.id: 2014-02-07T13:15:28-0800 - 9.00 B
2014-02-07 21:15:29.040+0000 INFO  [o.n.k.i.DiagnosticsManager]:   neostore.propertystore.db.index.keys: 2014-02-07T13:15:28-0800 - 38.00 B
2014-02-07 21:15:29.040+0000 INFO  [o.n.k.i.DiagnosticsManager]:   neostore.propertystore.db.index.keys.id: 2014-02-07T13:15:28-0800 - 9.00 B
2014-02-07 21:15:29.040+0000 INFO  [o.n.k.i.DiagnosticsManager]:   neostore.propertystore.db.strings: 2014-02-07T13:15:28-0800 - 128.00 B
2014-02-07 21:15:29.041+0000 INFO  [o.n.k.i.DiagnosticsManager]:   neostore.propertystore.db.strings.id: 2014-02-07T13:15:28-0800 - 9.00 B
2014-02-07 21:15:29.041+0000 INFO  [o.n.k.i.DiagnosticsManager]:   neostore.relationshipstore.db: 2014-02-07T13:15:28-0800 - 0.00 B
2014-02-07 21:15:29.041+0000 INFO  [o.n.k.i.DiagnosticsManager]:   neostore.relationshipstore.db.id: 2014-02-07T13:15:28-0800 - 9.00 B
2014-02-07 21:15:29.041+0000 INFO  [o.n.k.i.DiagnosticsManager]:   neostore.relationshiptypestore.db: 2014-02-07T13:15:28-0800 - 0.00 B
2014-02-07 21:15:29.041+0000 INFO  [o.n.k.i.DiagnosticsManager]:   neostore.relationshiptypestore.db.id: 2014-02-07T13:15:28-0800 - 9.00 B
2014-02-07 21:15:29.041+0000 INFO  [o.n.k.i.DiagnosticsManager]:   neostore.relationshiptypestore.db.names: 2014-02-07T13:15:28-0800 - 38.00 B
2014-02-07 21:15:29.042+0000 INFO  [o.n.k.i.DiagnosticsManager]:   neostore.relationshiptypestore.db.names.id: 2014-02-07T13:15:28-0800 - 9.00 B
2014-02-07 21:15:29.042+0000 INFO  [o.n.k.i.DiagnosticsManager]:   neostore.schemastore.db: 2014-02-07T13:15:28-0800 - 64.00 B
2014-02-07 21:15:29.042+0000 INFO  [o.n.k.i.DiagnosticsManager]:   neostore.schemastore.db.id: 2014-02-07T13:15:28-0800 - 9.00 B
2014-02-07 21:15:29.042+0000 INFO  [o.n.k.i.DiagnosticsManager]:   nioneo_logical.log.1: 2014-02-07T13:15:29-0800 - 16.00 B
2014-02-07 21:15:29.042+0000 INFO  [o.n.k.i.DiagnosticsManager]:   nioneo_logical.log.active: 2014-02-07T13:15:28-0800 - 4.00 B
2014-02-07 21:15:29.042+0000 INFO  [o.n.k.i.DiagnosticsManager]:   schema:
2014-02-07 21:15:29.043+0000 INFO  [o.n.k.i.DiagnosticsManager]:     label:
2014-02-07 21:15:29.043+0000 INFO  [o.n.k.i.DiagnosticsManager]:       lucene:
2014-02-07 21:15:29.043+0000 INFO  [o.n.k.i.DiagnosticsManager]:         write.lock: 2014-02-07T13:15:28-0800 - 0.00 B
2014-02-07 21:15:29.043+0000 INFO  [o.n.k.i.DiagnosticsManager]:       - Total: 2014-02-07T13:15:28-0800 - 0.00 B
2014-02-07 21:15:29.043+0000 INFO  [o.n.k.i.DiagnosticsManager]:     - Total: 2014-02-07T13:15:28-0800 - 0.00 B
2014-02-07 21:15:29.043+0000 INFO  [o.n.k.i.DiagnosticsManager]:   - Total: 2014-02-07T13:15:28-0800 - 0.00 B
2014-02-07 21:15:29.044+0000 INFO  [o.n.k.i.DiagnosticsManager]:   store_lock: 2014-02-07T13:15:28-0800 - 0.00 B
2014-02-07 21:15:29.044+0000 INFO  [o.n.k.i.DiagnosticsManager]:   tm_tx_log.1: 2014-02-07T13:15:28-0800 - 0.00 B
2014-02-07 21:15:29.044+0000 INFO  [o.n.k.i.DiagnosticsManager]: --- STARTED diagnostics for KernelDiagnostics:StoreFiles END ---
2014-02-07 21:15:29.066+0000 INFO  [o.n.k.EmbeddedGraphDatabase]: GC Monitor started. 
2014-02-07 21:15:29.066+0000 INFO  [o.n.k.EmbeddedGraphDatabase]: Database is now ready
2014-02-07 21:15:29.067+0000 INFO  [o.n.k.i.DiagnosticsManager]: --- SERVER STARTED START ---
2014-02-07 21:15:29.764+0000 INFO  [o.n.k.i.DiagnosticsManager]: --- STARTED diagnostics for org.neo4j.server.configuration.Configurator START ---
2014-02-07 21:15:29.766+0000 INFO  [o.n.k.i.DiagnosticsManager]: Server configuration:
2014-02-07 21:15:29.766+0000 INFO  [o.n.k.i.DiagnosticsManager]: org.neo4j.server.database.location = data/graph.db
2014-02-07 21:15:29.766+0000 INFO  [o.n.k.i.DiagnosticsManager]: org.neo4j.server.webserver.port = 7474
2014-02-07 21:15:29.766+0000 INFO  [o.n.k.i.DiagnosticsManager]: org.neo4j.server.webserver.https.enabled = true
2014-02-07 21:15:29.766+0000 INFO  [o.n.k.i.DiagnosticsManager]: org.neo4j.server.webserver.https.port = 7473
2014-02-07 21:15:29.766+0000 INFO  [o.n.k.i.DiagnosticsManager]: org.neo4j.server.webserver.https.cert.location = conf/ssl/snakeoil.cert
2014-02-07 21:15:29.766+0000 INFO  [o.n.k.i.DiagnosticsManager]: org.neo4j.server.webserver.https.key.location = conf/ssl/snakeoil.key
2014-02-07 21:15:29.766+0000 INFO  [o.n.k.i.DiagnosticsManager]: org.neo4j.server.webserver.https.keystore.location = data/keystore
2014-02-07 21:15:29.766+0000 INFO  [o.n.k.i.DiagnosticsManager]: org.neo4j.server.webadmin.rrdb.location = data/rrd
2014-02-07 21:15:29.766+0000 INFO  [o.n.k.i.DiagnosticsManager]: org.neo4j.server.db.tuning.properties = conf/neo4j.properties
2014-02-07 21:15:29.766+0000 INFO  [o.n.k.i.DiagnosticsManager]: org.neo4j.server.manage.console_engines = shell
2014-02-07 21:15:29.766+0000 INFO  [o.n.k.i.DiagnosticsManager]: org.neo4j.server.http.log.enabled = false
2014-02-07 21:15:29.766+0000 INFO  [o.n.k.i.DiagnosticsManager]: org.neo4j.server.http.log.config = conf/neo4j-http-logging.xml
2014-02-07 21:15:29.766+0000 INFO  [o.n.k.i.DiagnosticsManager]: org.neo4j.server.webadmin.management.uri = /db/manage/
2014-02-07 21:15:29.766+0000 INFO  [o.n.k.i.DiagnosticsManager]: org.neo4j.server.webadmin.data.uri = /db/data/
2014-02-07 21:15:29.766+0000 INFO  [o.n.k.i.DiagnosticsManager]: --- STARTED diagnostics for org.neo4j.server.configuration.Configurator END ---
2014-02-07 21:15:29.770+0000 INFO  [o.n.k.i.DiagnosticsManager]: Mounted discovery module (org.neo4j.server.rest.discovery) at: /
2014-02-07 21:15:29.776+0000 INFO  [o.n.k.i.DiagnosticsManager]: Mounted REST API at: /db/data/
2014-02-07 21:15:29.778+0000 INFO  [o.n.k.i.DiagnosticsManager]: Mounted management API at: /db/manage/
2014-02-07 21:15:29.779+0000 INFO  [o.n.k.i.DiagnosticsManager]: Mounted webadmin at: /webadmin
2014-02-07 21:15:29.780+0000 INFO  [o.n.k.i.DiagnosticsManager]: Mounted Neo4j Browser at: /browser
2014-02-07 21:15:30.765+0000 INFO  [o.n.k.i.DiagnosticsManager]: Server started on: http://localhost:7474/
2014-02-07 21:15:30.766+0000 INFO  [o.n.k.i.DiagnosticsManager]: --- SERVER STARTED END ---
